<?xml version="1.0" encoding="UTF-8"?>
<testng-results ignored="0" total="1" passed="1" failed="0" skipped="0">
  <reporter-output>
  </reporter-output>
  <suite started-at="2021-05-23T16:12:22 EDT" name="Default suite" finished-at="2021-05-23T16:12:27 EDT" duration-ms="5312">
    <groups>
    </groups>
    <test started-at="2021-05-23T16:12:22 EDT" name="Default test" finished-at="2021-05-23T16:12:27 EDT" duration-ms="5312">
      <class name="Test.LoginandLogoutTest">
        <test-method signature="LoginLogoutFunction()[pri:0, instance:Test.LoginandLogoutTest@10e92f8f]" started-at="2021-05-23T16:12:22 EDT" name="LoginLogoutFunction" finished-at="2021-05-23T16:12:27 EDT" duration-ms="5290" status="PASS">
          <reporter-output>
          </reporter-output>
        </test-method> <!-- LoginLogoutFunction -->
      </class> <!-- Test.LoginandLogoutTest -->
    </test> <!-- Default test -->
  </suite> <!-- Default suite -->
</testng-results>
